<?xml version="1.0" encoding="UTF-8"?>
<!-- Generated by org.testng.reporters.JUnitReportReporter -->
<testsuite hostname="MA01-4SGZP32" name="packNg.TestNG_2" tests="1" failures="0" timestamp="20 Apr 2016 16:54:36 GMT" time="0.001" errors="0">
  <testcase name="f" time="0.001" classname="packNg.TestNG_2"/>
</testsuite> <!-- packNg.TestNG_2 -->
