<?xml version="1.0" encoding="UTF-8"?>
<!-- Generated by org.testng.reporters.JUnitReportReporter -->
<testsuite hostname="MA01-4SGZP32" name="packNg.NewTestNG" tests="1" failures="0" timestamp="18 Apr 2016 20:52:56 GMT" time="0.011" errors="0">
  <testcase name="f" time="0.011" classname="packNg.NewTestNG"/>
</testsuite> <!-- packNg.NewTestNG -->
